[debug] [2024-09-12T06:39:20.214Z] ----------------------------------------------------------------------
[debug] [2024-09-12T06:39:20.218Z] Command:       C:\Program Files\nodejs\node.exe C:\Users\FeiLu\AppData\Roaming\npm\node_modules\firebase-tools\lib\bin\firebase.js init
[debug] [2024-09-12T06:39:20.218Z] CLI Version:   13.17.0
[debug] [2024-09-12T06:39:20.218Z] Platform:      win32
[debug] [2024-09-12T06:39:20.218Z] Node Version:  v20.16.0
[debug] [2024-09-12T06:39:20.219Z] Time:          Thu Sep 12 2024 14:39:20 GMT+0800 (GMT+08:00)
[debug] [2024-09-12T06:39:20.219Z] ----------------------------------------------------------------------
[debug] 
[debug] [2024-09-12T06:39:20.226Z] > command requires scopes: ["email","openid","https://www.googleapis.com/auth/cloudplatformprojects.readonly","https://www.googleapis.com/auth/firebase","https://www.googleapis.com/auth/cloud-platform"]
[debug] [2024-09-12T06:39:20.227Z] > authorizing via signed-in user (feilugame@gmail.com)
[info] 
     ######## #### ########  ######## ########     ###     ######  ########
     ##        ##  ##     ## ##       ##     ##  ##   ##  ##       ##
     ######    ##  ########  ######   ########  #########  ######  ######
     ##        ##  ##    ##  ##       ##     ## ##     ##       ## ##
     ##       #### ##     ## ######## ########  ##     ##  ######  ########

You're about to initialize a Firebase project in this directory:

  D:\github\resonance-columba

[info] 
=== Project Setup
[info] 
[info] First, let's associate this project directory with a Firebase project.
[info] You can create multiple project aliases by running firebase use --add, 
[info] but for now we'll just set up a default project.
[info] 
[debug] [2024-09-12T06:39:24.383Z] >>> [apiv2][query] GET https://firebase.googleapis.com/v1beta1/projects pageSize=100
[debug] [2024-09-12T06:39:47.459Z] *** [apiv2] error from fetch(https://firebase.googleapis.com/v1beta1/projects?pageSize=100, {"headers":{},"method":"GET","signal":{}}): FetchError: request to https://firebase.googleapis.com/v1beta1/projects?pageSize=100 failed, reason: 
[debug] [2024-09-12T06:39:47.459Z] Failed to make request to https://firebase.googleapis.com/v1beta1/projects?pageSize=100
[debug] [2024-09-12T06:39:47.589Z] FirebaseError: Failed to make request to https://firebase.googleapis.com/v1beta1/projects?pageSize=100
    at RetryOperation._fn (C:\Users\FeiLu\AppData\Roaming\npm\node_modules\firebase-tools\lib\apiv2.js:259:31)
    at process.processTicksAndRejections (node:internal/process/task_queues:95:5)
[error] 
[error] Error: Failed to list Firebase projects. See firebase-debug.log for more info.
[debug] [2024-09-12T06:48:26.672Z] ----------------------------------------------------------------------
[debug] [2024-09-12T06:48:26.675Z] Command:       C:\Program Files\nodejs\node.exe C:\Users\FeiLu\AppData\Roaming\npm\node_modules\firebase-tools\lib\bin\firebase.js init
[debug] [2024-09-12T06:48:26.676Z] CLI Version:   13.17.0
[debug] [2024-09-12T06:48:26.676Z] Platform:      win32
[debug] [2024-09-12T06:48:26.676Z] Node Version:  v20.16.0
[debug] [2024-09-12T06:48:26.676Z] Time:          Thu Sep 12 2024 14:48:26 GMT+0800 (GMT+08:00)
[debug] [2024-09-12T06:48:26.677Z] ----------------------------------------------------------------------
[debug] 
[debug] [2024-09-12T06:48:26.684Z] > command requires scopes: ["email","openid","https://www.googleapis.com/auth/cloudplatformprojects.readonly","https://www.googleapis.com/auth/firebase","https://www.googleapis.com/auth/cloud-platform"]
[debug] [2024-09-12T06:48:26.684Z] > authorizing via signed-in user (feilugame@gmail.com)
[info] 
     ######## #### ########  ######## ########     ###     ######  ########
     ##        ##  ##     ## ##       ##     ##  ##   ##  ##       ##
     ######    ##  ########  ######   ########  #########  ######  ######
     ##        ##  ##    ##  ##       ##     ## ##     ##       ## ##
     ##       #### ##     ## ######## ########  ##     ##  ######  ########

You're about to initialize a Firebase project in this directory:

  D:\github\resonance-columba

[info] 
=== Project Setup
[info] 
[info] First, let's associate this project directory with a Firebase project.
[info] You can create multiple project aliases by running firebase use --add, 
[info] but for now we'll just set up a default project.
[info] 
[debug] [2024-09-12T06:48:31.886Z] >>> [apiv2][query] GET https://firebase.googleapis.com/v1beta1/projects pageSize=100
[debug] [2024-09-12T06:48:54.951Z] *** [apiv2] error from fetch(https://firebase.googleapis.com/v1beta1/projects?pageSize=100, {"headers":{},"method":"GET","signal":{}}): FetchError: request to https://firebase.googleapis.com/v1beta1/projects?pageSize=100 failed, reason: 
[debug] [2024-09-12T06:48:54.952Z] Failed to make request to https://firebase.googleapis.com/v1beta1/projects?pageSize=100
[debug] [2024-09-12T06:48:55.083Z] FirebaseError: Failed to make request to https://firebase.googleapis.com/v1beta1/projects?pageSize=100
    at RetryOperation._fn (C:\Users\FeiLu\AppData\Roaming\npm\node_modules\firebase-tools\lib\apiv2.js:259:31)
    at process.processTicksAndRejections (node:internal/process/task_queues:95:5)
[error] 
[error] Error: Failed to list Firebase projects. See firebase-debug.log for more info.
